<?xml version="1.0" encoding="UTF-8"?>
<!-- Generated by org.testng.reporters.JUnitXMLReporter -->
<testsuite hostname="Satheesh-PC" ignored="2" name="Test" tests="3" failures="0" timestamp="31 Jan 2018 14:25:19 GMT" time="0.067" errors="0">
  <testcase name="fundTransfer" time="0.006" classname="TestNG.NewTest3"/>
  <testcase name="withdrawl" time="0.003" classname="TestNG.NewTest3"/>
  <testcase name="fundreceive" time="0.002" classname="TestNG.NewTest3"/>
  <testcase name="Recharge" time="0.0" classname="TestNG.NewTest3">
    <ignored/>
  </testcase> <!-- Recharge -->
  <testcase name="balance" time="0.0" classname="TestNG.NewTest3">
    <ignored/>
  </testcase> <!-- balance -->
</testsuite> <!-- Test -->
