<?xml version="1.0" encoding="UTF-8"?>
<testng-results skipped="0" failed="0" ignored="0" total="3" passed="3">
  <reporter-output>
  </reporter-output>
  <suite name="Default suite" duration-ms="945" started-at="2018-02-01T06:17:20Z" finished-at="2018-02-01T06:17:20Z">
    <groups>
    </groups>
    <test name="Default test" duration-ms="945" started-at="2018-02-01T06:17:20Z" finished-at="2018-02-01T06:17:20Z">
      <class name="TestNG.DataDriven1">
        <test-method status="PASS" signature="add(java.lang.String, java.lang.String, java.lang.String)[pri:0, instance:TestNG.DataDriven1@b09fac]" name="add" duration-ms="11" started-at="2018-02-01T11:47:20Z" data-provider="testdata" finished-at="2018-02-01T11:47:20Z">
          <params>
            <param index="0">
              <value>
                <![CDATA[1]]>
              </value>
            </param>
            <param index="1">
              <value>
                <![CDATA[1]]>
              </value>
            </param>
            <param index="2">
              <value>
                <![CDATA[1]]>
              </value>
            </param>
          </params>
          <reporter-output>
          </reporter-output>
        </test-method> <!-- add -->
        <test-method status="PASS" signature="add(java.lang.String, java.lang.String, java.lang.String)[pri:0, instance:TestNG.DataDriven1@b09fac]" name="add" duration-ms="9" started-at="2018-02-01T11:47:20Z" data-provider="testdata" finished-at="2018-02-01T11:47:20Z">
          <params>
            <param index="0">
              <value>
                <![CDATA[1]]>
              </value>
            </param>
            <param index="1">
              <value>
                <![CDATA[1]]>
              </value>
            </param>
            <param index="2">
              <value>
                <![CDATA[1]]>
              </value>
            </param>
          </params>
          <reporter-output>
          </reporter-output>
        </test-method> <!-- add -->
        <test-method status="PASS" signature="add(java.lang.String, java.lang.String, java.lang.String)[pri:0, instance:TestNG.DataDriven1@b09fac]" name="add" duration-ms="3" started-at="2018-02-01T11:47:20Z" data-provider="testdata" finished-at="2018-02-01T11:47:20Z">
          <params>
            <param index="0">
              <value>
                <![CDATA[1]]>
              </value>
            </param>
            <param index="1">
              <value>
                <![CDATA[1]]>
              </value>
            </param>
            <param index="2">
              <value>
                <![CDATA[1]]>
              </value>
            </param>
          </params>
          <reporter-output>
          </reporter-output>
        </test-method> <!-- add -->
      </class> <!-- TestNG.DataDriven1 -->
    </test> <!-- Default test -->
  </suite> <!-- Default suite -->
</testng-results>
