<?xml version="1.0" encoding="UTF-8"?>
<!-- Generated by org.testng.reporters.JUnitXMLReporter -->
<testsuite hostname="Satheesh-PC" ignored="0" name="SanityTests" tests="4" failures="0" timestamp="31 Jan 2018 13:22:29 GMT" time="0.083" errors="0">
  <testcase name="addAddress" time="0.009" classname="TestNG.NewTest1"/>
  <testcase name="addVendor" time="0.003" classname="TestNG.NewTest1"/>
  <testcase name="deleteAddress" time="0.003" classname="TestNG.NewTest2"/>
  <testcase name="deleteVendor" time="0.004" classname="TestNG.NewTest2"/>
</testsuite> <!-- SanityTests -->
